20:56.36.683[main] %=5levels org.testng.internal.Utils- [Utils] MethodGroupsHelper.sortMethods() took 0 ms.
20:56.36.688[main] %=5levels org.testng.internal.Utils- [Utils] MethodGroupsHelper.collectMethodsByGroup() took 0 ms.
20:56.36.688[main] %=5levels org.testng.internal.Utils- [Utils] MethodGroupsHelper.sortMethods() took 0 ms.
20:56.36.692[main] %=5levels org.testng.internal.Utils- [Utils] MethodGroupsHelper.collectMethodsByGroup() took 3 ms.
20:56.36.700[main] %=5levels org.testng.internal.Utils- [Utils] MethodGroupsHelper.sortMethods() took 7 ms.
20:56.36.702[main] %=5levels org.testng.internal.Utils- [Utils] MethodGroupsHelper.collectMethodsByGroup() took 1 ms.
20:56.36.703[main] %=5levels org.testng.internal.Utils- [Utils] MethodGroupsHelper.sortMethods() took 0 ms.
20:56.36.704[main] %=5levels org.testng.internal.Utils- [Utils] MethodGroupsHelper.collectMethodsByGroup() took 0 ms.
20:56.36.704[main] %=5levels org.testng.internal.Utils- [Utils] MethodGroupsHelper.sortMethods() took 0 ms.
20:56.36.704[main] %=5levels org.testng.internal.Utils- [Utils] MethodGroupsHelper.collectMethodsByGroup() took 0 ms.
20:56.36.705[main] %=5levels org.testng.internal.Utils- [Utils] MethodGroupsHelper.sortMethods() took 0 ms.
20:56.36.706[main] %=5levels org.testng.internal.Utils- [Utils] MethodGroupsHelper.collectMethodsByGroup() took 0 ms.
20:56.36.706[main] %=5levels org.testng.internal.Utils- [Utils] MethodGroupsHelper.sortMethods() took 0 ms.
20:56.36.706[main] %=5levels org.testng.internal.Utils- [Utils] MethodGroupsHelper.collectMethodsByGroup() took 0 ms.
20:56.36.707[main] %=5levels org.testng.internal.Utils- [Utils] MethodGroupsHelper.sortMethods() took 0 ms.
20:56.36.709[main] %=5levels org.testng.internal.Utils- [Utils] MethodGroupsHelper.collectMethodsByGroup() took 0 ms.
20:56.36.709[main] %=5levels org.testng.internal.Utils- [Utils] MethodGroupsHelper.sortMethods() took 0 ms.
20:56.36.709[main] %=5levels org.testng.internal.Utils- [Utils] MethodGroupsHelper.collectMethodsByGroup() took 0 ms.
20:56.36.709[main] %=5levels org.testng.internal.Utils- [Utils] MethodGroupsHelper.sortMethods() took 0 ms.
20:56.36.710[main] %=5levels org.testng.internal.Utils- [Utils] MethodGroupsHelper.collectMethodsByGroup() took 0 ms.
20:56.36.710[main] %=5levels org.testng.internal.Utils- [Utils] MethodGroupsHelper.sortMethods() took 0 ms.
20:56.36.711[main] %=5levels org.testng.internal.Utils- [Utils] MethodGroupsHelper.collectMethodsByGroup() took 0 ms.
20:56.36.711[main] %=5levels org.testng.internal.Utils- [Utils] MethodGroupsHelper.sortMethods() took 0 ms.
20:56.36.711[main] %=5levels org.testng.internal.Utils- [Utils] MethodGroupsHelper.collectMethodsByGroup() took 0 ms.
20:56.36.712[main] %=5levels org.testng.internal.Utils- [Utils] MethodGroupsHelper.sortMethods() took 0 ms.
20:56.36.720[main] %=5levels org.testng.internal.Utils- [TestNG] Running:
  C:\Users\02070I744\AppData\Local\Temp\testng-eclipse--83299244\testng-customsuite.xml

20:56.36.734[main] %=5levels org.testng.internal.Utils- [Utils] DynamicGraphHelper.createDynamicGraph() took 4 ms.
20:56.36.878[main] %=5levels org.testng.internal.Utils- [TestNG] Time taken by org.testng.reporters.jq.Main@18b0930f: 51 ms
20:56.36.893[main] %=5levels org.testng.internal.Utils- [TestNG] Time taken by org.testng.reporters.FailedReporter@2371aaca: 15 ms
20:56.36.907[main] %=5levels org.testng.internal.Utils- [TestNG] Time taken by org.testng.reporters.XMLReporter@b70da4c: 14 ms
20:56.36.918[main] %=5levels org.testng.internal.Utils- [TestNG] Time taken by org.testng.reporters.EmailableReporter2@5a85c92: 11 ms
20:56.36.923[main] %=5levels org.testng.internal.Utils- [TestNG] Time taken by org.testng.reporters.JUnitReportReporter@47c4ecdc: 5 ms
20:56.36.924[main] %=5levels org.testng.internal.Utils- [TestNG] Time taken by org.testng.internal.ExitCodeListener@42f33b5d: 0 ms
21:01.15.004[main] %=5levels org.testng.internal.Utils- [Utils] MethodGroupsHelper.collectMethodsByGroup() took 1 ms.
21:01.15.010[main] %=5levels org.testng.internal.Utils- [Utils] MethodGroupsHelper.sortMethods() took 2 ms.
21:01.15.011[main] %=5levels org.testng.internal.Utils- [Utils] MethodGroupsHelper.collectMethodsByGroup() took 0 ms.
21:01.15.012[main] %=5levels org.testng.internal.Utils- [Utils] MethodGroupsHelper.sortMethods() took 0 ms.
21:01.15.012[main] %=5levels org.testng.internal.Utils- [Utils] MethodGroupsHelper.collectMethodsByGroup() took 0 ms.
21:01.15.012[main] %=5levels org.testng.internal.Utils- [Utils] MethodGroupsHelper.sortMethods() took 0 ms.
21:01.15.013[main] %=5levels org.testng.internal.Utils- [Utils] MethodGroupsHelper.collectMethodsByGroup() took 0 ms.
21:01.15.013[main] %=5levels org.testng.internal.Utils- [Utils] MethodGroupsHelper.sortMethods() took 0 ms.
21:01.15.016[main] %=5levels org.testng.internal.Utils- [Utils] MethodGroupsHelper.collectMethodsByGroup() took 2 ms.
21:01.15.025[main] %=5levels org.testng.internal.Utils- [Utils] MethodGroupsHelper.sortMethods() took 7 ms.
